#***************************************************************************

#sjplacer

#Version:            1.1

#Build Date:         Sep  9 2019 11:47:43

#File Generated:     Oct 7 2025 10:12:11

#Purpose:            

#Copyright (C) 2010-2011 by Softjin Technologies Pvt Ltd. All rights reserved.

#***************************************************************************

Executing : C:\Program Files (x86)\Cypress\PSoC Creator\4.4\PSoC Creator\bin/sjplacer.exe --proj-name PSOC5 Implement --netlist-vh2 PSOC5 Implement_p.vh2 --arch p35_udb4x6 --arch-file C:\Program Files (x86)\Cypress\PSoC Creator\4.4\PSoC Creator\dev\arch/udbdsi_4x6_24.cydata --ip-file C:\Program Files (x86)\Cypress\PSoC Creator\4.4\PSoC Creator\dev\psoc5/psoc5lp/ip_blocks.cydata --rrg-file C:\Program Files (x86)\Cypress\PSoC Creator\4.4\PSoC Creator\dev\psoc5/psoc5lp/route_arch-rrg.cydata --irq-file C:\Program Files (x86)\Cypress\PSoC Creator\4.4\PSoC Creator\dev\psoc5/psoc5lp/irqconn.cydata --drq-file C:\Program Files (x86)\Cypress\PSoC Creator\4.4\PSoC Creator\dev\psoc5/psoc5lp/dmaconn.cydata --dsi-conn-file C:\Program Files (x86)\Cypress\PSoC Creator\4.4\PSoC Creator\dev\psoc5/psoc5lp/dsiconn.cydata --pins-file pins_68-QFN.xml --lib-file PSOC5 Implement_p.lib --sdc-file PSOC5 Implement.sdc --io-pcf PSOC5 Implement.pci --outdir .

		Softjin Techologies Placer, Version 1.1

Build Date : Sep  9 2019	11:45:12

D2004: Option and Settings Summary
=============================================================
Netlist vh2 file          - PSOC5 Implement_p.vh2
Architecture file         - C:\Program Files (x86)\Cypress\PSoC Creator\4.4\PSoC Creator\dev\arch/udbdsi_4x6_24.cydata
Package                   - 
Defparam file             - 
SDC file                  - PSOC5 Implement.sdc
Output directory          - .
Timing library            - PSOC5 Implement_p.lib
IO Placement file         - PSOC5 Implement.pci

D2050: Starting reading inputs for placer
=============================================================
D2065: Reading netlist file : "PSOC5 Implement_p.vh2"
D2065: Reading arch file : "C:\Program Files (x86)\Cypress\PSoC Creator\4.4\PSoC Creator\dev\arch/udbdsi_4x6_24.cydata"
D2051: Reading of inputs for placer completed successfully

D2053: Starting placement of the design
=============================================================

Phase 2
Phase 3

Design Statistics after Packing
    Number of Combinational MCs 	:	26
    Number of Sequential MCs    	:	112
    Number of DPs               	:	8
    Number of Controls          	:	4
    Number of Status            	:	6
    Number of SyncCells         	:	1
    Number of count7cells       	:	3

Device Utilization Summary after Packing
    Macrocells                  :	138/192
    UDBS                        :	22/24
    IOs                         :	14/72


D2088: Phase 3, elapsed time : 0.0 (sec)

Phase 4
D2088: Phase 4, elapsed time : 0.0 (sec)

Phase 5
D2088: Phase 5, elapsed time : 0.0 (sec)

Phase 6

######################################################################
Placement Timing Summary

The timing summary is based on estimated routing delays after
placement. For final timing report, please carry out the timing
analysis after routing.
======================================================================

######################################################################
                     Clock Summary 
======================================================================
Number of clocks: 17
Clock: ADC_DelSig_Ext_CP_Clk | Frequency: N/A       | Target:  24.0 MHz
Clock: ADC_DelSig_Ext_CP_Clk(routed) | Frequency: N/A       | Target:  24.0 MHz
Clock: ADC_DelSig_theACLK   | Frequency: N/A       | Target:   0.2 MHz
Clock: ADC_DelSig_theACLK(fixed-function) | Frequency: N/A       | Target:   0.2 MHz
Clock: ADC_TS410_IntClock   | Frequency:  27.4 MHz | Target:   1.6 MHz
Clock: ADC_TS410_IntClock(routed) | Frequency: N/A       | Target:   1.6 MHz
Clock: Clock_ISR            | Frequency: N/A       | Target:   1.0 MHz
Clock: Clock_ISR(fixed-function) | Frequency: N/A       | Target:   1.0 MHz
Clock: CyBUS_CLK            | Frequency:  62.1 MHz | Target:  24.0 MHz
Clock: CyILO                | Frequency: N/A       | Target:   0.1 MHz
Clock: CyIMO                | Frequency: N/A       | Target:  24.0 MHz
Clock: CyMASTER_CLK         | Frequency: N/A       | Target:  24.0 MHz
Clock: CyPLL_OUT            | Frequency: N/A       | Target:  24.0 MHz
Clock: UART_Debug_IntClock  | Frequency:  46.6 MHz | Target:   1.8 MHz
Clock: UART_OEM_IntClock    | Frequency:  48.6 MHz | Target:   0.9 MHz
Clock: UART_RPI_IntClock    | Frequency:  51.4 MHz | Target:   1.8 MHz
Clock: \ADC_DelSig:DSM\/dec_clock | Frequency: N/A       | Target:   0.1 MHz

======================================================================
                     End of Clock Summary
######################################################################

D2088: Phase 6, elapsed time : 0.1 (sec)

Phase 7
######################################################################
                     Clock Summary 
======================================================================
Number of clocks: 17
Clock: ADC_DelSig_Ext_CP_Clk | Frequency: N/A       | Target:  24.0 MHz
Clock: ADC_DelSig_Ext_CP_Clk(routed) | Frequency: N/A       | Target:  24.0 MHz
Clock: ADC_DelSig_theACLK   | Frequency: N/A       | Target:   0.2 MHz
Clock: ADC_DelSig_theACLK(fixed-function) | Frequency: N/A       | Target:   0.2 MHz
Clock: ADC_TS410_IntClock   | Frequency:   2.8 MHz | Target:   1.6 MHz
Clock: ADC_TS410_IntClock(routed) | Frequency: N/A       | Target:   1.6 MHz
Clock: Clock_ISR            | Frequency: N/A       | Target:   1.0 MHz
Clock: Clock_ISR(fixed-function) | Frequency: N/A       | Target:   1.0 MHz
Clock: CyBUS_CLK            | Frequency:   2.8 MHz | Target:  24.0 MHz
Clock: CyILO                | Frequency: N/A       | Target:   0.1 MHz
Clock: CyIMO                | Frequency: N/A       | Target:  24.0 MHz
Clock: CyMASTER_CLK         | Frequency: N/A       | Target:  24.0 MHz
Clock: CyPLL_OUT            | Frequency: N/A       | Target:  24.0 MHz
Clock: UART_Debug_IntClock  | Frequency:  37.9 MHz | Target:   1.8 MHz
Clock: UART_OEM_IntClock    | Frequency:  48.6 MHz | Target:   0.9 MHz
Clock: UART_RPI_IntClock    | Frequency:  42.3 MHz | Target:   1.8 MHz
Clock: \ADC_DelSig:DSM\/dec_clock | Frequency: N/A       | Target:   0.1 MHz

======================================================================
                     End of Clock Summary
######################################################################
D2088: Phase 7, elapsed time : 2.6 (sec)

Final Design Statistics
    Number of Combinational MCs 	:	26
    Number of Sequential MCs    	:	112
    Number of DPs               	:	8
    Number of Controls          	:	4
    Number of Status            	:	6
    Number of SyncCells         	:	1
    Number of count7cells       	:	3
    Number of IOs       	:	14

Device Utilization Summary
    Macrocells                  :	138/192
    IOs                         :	14/72



######################################################################
Placement Timing Summary

The timing summary is based on estimated routing delays after
placement. For final timing report, please carry out the timing
analysis after routing.
======================================================================


######################################################################
                     Clock Summary 
======================================================================
Number of clocks: 17
Clock: ADC_DelSig_Ext_CP_Clk | Frequency: N/A       | Target:  24.0 MHz
Clock: ADC_DelSig_Ext_CP_Clk(routed) | Frequency: N/A       | Target:  24.0 MHz
Clock: ADC_DelSig_theACLK   | Frequency: N/A       | Target:   0.2 MHz
Clock: ADC_DelSig_theACLK(fixed-function) | Frequency: N/A       | Target:   0.2 MHz
Clock: ADC_TS410_IntClock   | Frequency:   3.0 MHz | Target:   1.6 MHz
Clock: ADC_TS410_IntClock(routed) | Frequency: N/A       | Target:   1.6 MHz
Clock: Clock_ISR            | Frequency: N/A       | Target:   1.0 MHz
Clock: Clock_ISR(fixed-function) | Frequency: N/A       | Target:   1.0 MHz
Clock: CyBUS_CLK            | Frequency:   3.0 MHz | Target:  24.0 MHz
Clock: CyILO                | Frequency: N/A       | Target:   0.1 MHz
Clock: CyIMO                | Frequency: N/A       | Target:  24.0 MHz
Clock: CyMASTER_CLK         | Frequency: N/A       | Target:  24.0 MHz
Clock: CyPLL_OUT            | Frequency: N/A       | Target:  24.0 MHz
Clock: UART_Debug_IntClock  | Frequency:  52.1 MHz | Target:   1.8 MHz
Clock: UART_OEM_IntClock    | Frequency:  43.4 MHz | Target:   0.9 MHz
Clock: UART_RPI_IntClock    | Frequency:  52.1 MHz | Target:   1.8 MHz
Clock: \ADC_DelSig:DSM\/dec_clock | Frequency: N/A       | Target:   0.1 MHz

======================================================================
                     End of Clock Summary
######################################################################

Phase 8
D2088: Phase 8, elapsed time : 0.0 (sec)

D2054: Placement of the design completed successfully

I2076: Total run-time: 3.3 sec.

